## ComfyUI-Manager: installing dependencies done.
[2025-09-29 09:29:00.740] ** ComfyUI startup time: 2025-09-29 09:29:00.740
[2025-09-29 09:29:00.740] ** Platform: Linux
[2025-09-29 09:29:00.740] ** Python version: 3.12.3 (main, Aug 14 2025, 17:47:21) [GCC 13.3.0]
[2025-09-29 09:29:00.740] ** Python executable: /home/yuji/Code/Umeiart/ComfyUI/venv/bin/python
[2025-09-29 09:29:00.740] ** ComfyUI Path: /home/yuji/Code/Umeiart/ComfyUI_GPU1
[2025-09-29 09:29:00.740] ** ComfyUI Base Folder Path: /home/yuji/Code/Umeiart/ComfyUI_GPU1
[2025-09-29 09:29:00.741] ** User directory: /home/yuji/Code/Umeiart/ComfyUI_GPU1/user
[2025-09-29 09:29:00.741] ** ComfyUI-Manager config path: /home/yuji/Code/Umeiart/ComfyUI_GPU1/user/default/ComfyUI-Manager/config.ini
[2025-09-29 09:29:00.741] ** Log path: /home/yuji/Code/Umeiart/ComfyUI_GPU1/user/comfyui.log

Prestartup times for custom nodes:
[2025-09-29 09:29:00.872]    0.0 seconds: /home/yuji/Code/Umeiart/ComfyUI_GPU1/custom_nodes/rgthree-comfy
[2025-09-29 09:29:00.872]    0.6 seconds: /home/yuji/Code/Umeiart/ComfyUI_GPU1/custom_nodes/ComfyUI-Manager
[2025-09-29 09:29:00.872] 
[2025-09-29 09:29:00.872] Set cuda device to: 1
[2025-09-29 09:29:02.433] Checkpoint files will always be loaded safely.
[2025-09-29 09:29:02.696] Total VRAM 15859 MB, total RAM 256520 MB
[2025-09-29 09:29:02.696] pytorch version: 2.8.0+cu128
[2025-09-29 09:29:02.696] Set vram state to: NORMAL_VRAM
[2025-09-29 09:29:02.697] Device: cuda:0 NVIDIA GeForce RTX 5060 Ti : cudaMallocAsync
[2025-09-29 09:29:03.904] Using pytorch attention
[2025-09-29 09:29:05.756] Python version: 3.12.3 (main, Aug 14 2025, 17:47:21) [GCC 13.3.0]
[2025-09-29 09:29:05.756] ComfyUI version: 0.3.60
[2025-09-29 09:29:05.759] ComfyUI frontend version: 1.26.13
[2025-09-29 09:29:05.760] [Prompt Server] web root: /home/yuji/Code/Umeiart/ComfyUI/venv/lib/python3.12/site-packages/comfyui_frontend_package/static
[2025-09-29 09:29:06.582] ### Loading: ComfyUI-Manager (V3.37)
[2025-09-29 09:29:06.583] [ComfyUI-Manager] network_mode: public
[2025-09-29 09:29:06.583] ### ComfyUI Revision: UNKNOWN (The currently installed ComfyUI is not a Git repository)
[2025-09-29 09:29:06.837] ComfyUI-GGUF: Allowing full torch compile
[2025-09-29 09:29:06.858] 
[2025-09-29 09:29:06.858] [92m[rgthree-comfy] Loaded 48 fantastic nodes. 🎉[0m
[2025-09-29 09:29:06.858] 
[2025-09-29 09:29:06.907] [ComfyUI-Manager] default cache updated: https://raw.githubusercontent.com/ltdrdata/ComfyUI-Manager/main/alter-list.json
[2025-09-29 09:29:06.933] [ComfyUI-Manager] default cache updated: https://raw.githubusercontent.com/ltdrdata/ComfyUI-Manager/main/model-list.json
[2025-09-29 09:29:06.970] [ComfyUI-Manager] default cache updated: https://raw.githubusercontent.com/ltdrdata/ComfyUI-Manager/main/github-stats.json
[2025-09-29 09:29:07.063] [ComfyUI-Manager] default cache updated: https://raw.githubusercontent.com/ltdrdata/ComfyUI-Manager/main/extension-node-map.json
[2025-09-29 09:29:07.106] [ComfyUI-Manager] default cache updated: https://raw.githubusercontent.com/ltdrdata/ComfyUI-Manager/main/custom-node-list.json
[2025-09-29 09:29:07.868] [34mWAS Node Suite: [0mOpenCV Python FFMPEG support is enabled[0m
[2025-09-29 09:29:07.868] [34mWAS Node Suite [93mWarning: [0m`ffmpeg_bin_path` is not set in `/home/yuji/Code/Umeiart/ComfyUI_GPU1/custom_nodes/WAS Node Suite/was_suite_config.json` config file. Will attempt to use system ffmpeg binaries if available.[0m
[2025-09-29 09:29:08.374] [34mWAS Node Suite: [0mFinished.[0m [32mLoaded[0m [0m220[0m [32mnodes successfully.[0m
[2025-09-29 09:29:08.374] 
	[3m[93m"Your work is going to fill a large part of your life, and the only way to be truly satisfied is to do what you believe is great work."[0m[3m - Steve Jobs[0m
[2025-09-29 09:29:08.375] 
[2025-09-29 09:29:08.381] 
Import times for custom nodes:
[2025-09-29 09:29:08.381]    0.0 seconds: /home/yuji/Code/Umeiart/ComfyUI_GPU1/custom_nodes/ComfyUI-wanBlockswap
[2025-09-29 09:29:08.382]    0.0 seconds: /home/yuji/Code/Umeiart/ComfyUI_GPU1/custom_nodes/ComfyUI-Florence2
[2025-09-29 09:29:08.382]    0.0 seconds: /home/yuji/Code/Umeiart/ComfyUI_GPU1/custom_nodes/easy_nodes
[2025-09-29 09:29:08.382]    0.0 seconds: /home/yuji/Code/Umeiart/ComfyUI_GPU1/custom_nodes/mx_nodes
[2025-09-29 09:29:08.382]    0.0 seconds: /home/yuji/Code/Umeiart/ComfyUI_GPU1/custom_nodes/websocket_image_save.py
[2025-09-29 09:29:08.382]    0.0 seconds: /home/yuji/Code/Umeiart/ComfyUI_GPU1/custom_nodes/ComfyUI-Lora-Manager
[2025-09-29 09:29:08.382]    0.0 seconds: /home/yuji/Code/Umeiart/ComfyUI_GPU1/custom_nodes/ComfyUI-Frame-Interpolation
[2025-09-29 09:29:08.382]    0.0 seconds: /home/yuji/Code/Umeiart/ComfyUI_GPU1/custom_nodes/ComfyUI-Manager
[2025-09-29 09:29:08.382]    0.0 seconds: /home/yuji/Code/Umeiart/ComfyUI_GPU1/custom_nodes/rgthree-comfy
[2025-09-29 09:29:08.382]    0.0 seconds: /home/yuji/Code/Umeiart/ComfyUI_GPU1/custom_nodes/ComfyUI-VideoHelperSuite
[2025-09-29 09:29:08.383]    0.0 seconds: /home/yuji/Code/Umeiart/ComfyUI_GPU1/custom_nodes/ComfyUI-GGUF
[2025-09-29 09:29:08.383]    0.0 seconds: /home/yuji/Code/Umeiart/ComfyUI_GPU1/custom_nodes/ComfyUI-KJNodes
[2025-09-29 09:29:08.383]    0.2 seconds: /home/yuji/Code/Umeiart/ComfyUI_GPU1/custom_nodes/ComfyUI-Custom-Scripts
[2025-09-29 09:29:08.383]    1.5 seconds: /home/yuji/Code/Umeiart/ComfyUI_GPU1/custom_nodes/WAS Node Suite
[2025-09-29 09:29:08.383] 
[2025-09-29 09:29:08.664] Context impl SQLiteImpl.
[2025-09-29 09:29:08.664] Will assume non-transactional DDL.
[2025-09-29 09:29:08.665] No target revision found.
[2025-09-29 09:29:08.678] Starting server

[2025-09-29 09:29:08.679] To see the GUI go to: http://0.0.0.0:8189
[2025-09-29 09:29:10.085] FETCH ComfyRegistry Data: 5/98
[2025-09-29 09:29:13.580] FETCH ComfyRegistry Data: 10/98
[2025-09-29 09:29:17.273] FETCH ComfyRegistry Data: 15/98
[2025-09-29 09:29:20.816] FETCH ComfyRegistry Data: 20/98
[2025-09-29 09:29:24.345] FETCH ComfyRegistry Data: 25/98
[2025-09-29 09:29:27.879] FETCH ComfyRegistry Data: 30/98
[2025-09-29 09:29:34.778] FETCH ComfyRegistry Data: 35/98
[2025-09-29 09:29:38.279] FETCH ComfyRegistry Data: 40/98
[2025-09-29 09:29:41.791] FETCH ComfyRegistry Data: 45/98
[2025-09-29 09:29:45.318] FETCH ComfyRegistry Data: 50/98
[2025-09-29 09:29:49.210] FETCH ComfyRegistry Data: 55/98
[2025-09-29 09:29:52.728] FETCH ComfyRegistry Data: 60/98
[2025-09-29 09:29:56.247] FETCH ComfyRegistry Data: 65/98
[2025-09-29 09:29:56.830] got prompt
[2025-09-29 09:29:56.841] Failed to validate prompt for output 80:
[2025-09-29 09:29:56.842] * RIFE VFI 184:
[2025-09-29 09:29:56.842]   - Exception when validating inner node: tuple index out of range
[2025-09-29 09:29:56.842] Output will be ignored
[2025-09-29 09:29:56.904] Prompt executed in 0.05 seconds
[2025-09-29 09:30:04.112] FETCH ComfyRegistry Data: 70/98
[2025-09-29 09:30:07.656] FETCH ComfyRegistry Data: 75/98
[2025-09-29 09:30:12.653] FETCH ComfyRegistry Data: 80/98
[2025-09-29 09:30:20.033] FETCH ComfyRegistry Data: 85/98
[2025-09-29 09:30:23.605] FETCH ComfyRegistry Data: 90/98
[2025-09-29 09:30:27.106] FETCH ComfyRegistry Data: 95/98
[2025-09-29 09:30:29.694] FETCH ComfyRegistry Data [DONE]
[2025-09-29 09:30:29.841] [ComfyUI-Manager] default cache updated: https://api.comfy.org/nodes
[2025-09-29 09:30:29.858] FETCH DATA from: https://raw.githubusercontent.com/ltdrdata/ComfyUI-Manager/main/custom-node-list.json [DONE]
[2025-09-29 09:30:30.090] [ComfyUI-Manager] All startup tasks have been completed.
[2025-09-29 09:30:38.715] got prompt
[2025-09-29 09:30:38.724] Failed to validate prompt for output 80:
[2025-09-29 09:30:38.724] * RIFE VFI 184:
[2025-09-29 09:30:38.725]   - Exception when validating inner node: tuple index out of range
[2025-09-29 09:30:38.725] * LoadImage 88:
[2025-09-29 09:30:38.725]   - Custom validation failed for node: image - Invalid image file: 6f1b1a9b-ecd1-40bb-b665-c0a465007e13.png
[2025-09-29 09:30:38.725] Output will be ignored
[2025-09-29 09:30:38.741] WARNING: [Errno 2] No such file or directory: '/home/yuji/Code/Umeiart/ComfyUI_GPU1/input/6f1b1a9b-ecd1-40bb-b665-c0a465007e13.png'
[2025-09-29 09:30:38.813] Prompt executed in 0.08 seconds
[2025-09-29 09:30:53.973] got prompt
[2025-09-29 09:30:53.980] Failed to validate prompt for output 80:
[2025-09-29 09:30:53.980] * RIFE VFI 184:
[2025-09-29 09:30:53.981]   - Exception when validating inner node: tuple index out of range
[2025-09-29 09:30:53.981] Output will be ignored
[2025-09-29 09:30:54.053] Prompt executed in 0.06 seconds
