## ComfyUI-Manager: installing dependencies done.
[2025-09-30 11:17:29.942] ** ComfyUI startup time: 2025-09-30 11:17:29.942
[2025-09-30 11:17:29.942] ** Platform: Linux
[2025-09-30 11:17:29.942] ** Python version: 3.12.3 (main, Aug 14 2025, 17:47:21) [GCC 13.3.0]
[2025-09-30 11:17:29.942] ** Python executable: /home/yuji/Code/Umeiart/ComfyUI/venv/bin/python
[2025-09-30 11:17:29.942] ** ComfyUI Path: /home/yuji/Code/Umeiart/ComfyUI_GPU0
[2025-09-30 11:17:29.942] ** ComfyUI Base Folder Path: /home/yuji/Code/Umeiart/ComfyUI_GPU0
[2025-09-30 11:17:29.942] ** User directory: /home/yuji/Code/Umeiart/ComfyUI_GPU0/user
[2025-09-30 11:17:29.942] ** ComfyUI-Manager config path: /home/yuji/Code/Umeiart/ComfyUI_GPU0/user/default/ComfyUI-Manager/config.ini
[2025-09-30 11:17:29.943] ** Log path: /home/yuji/Code/Umeiart/ComfyUI_GPU0/user/comfyui.log

Prestartup times for custom nodes:
[2025-09-30 11:17:30.072]    0.0 seconds: /home/yuji/Code/Umeiart/ComfyUI_GPU0/custom_nodes/ComfyUI-Easy-Use
[2025-09-30 11:17:30.072]    0.0 seconds: /home/yuji/Code/Umeiart/ComfyUI_GPU0/custom_nodes/rgthree-comfy
[2025-09-30 11:17:30.072]    0.6 seconds: /home/yuji/Code/Umeiart/ComfyUI_GPU0/custom_nodes/ComfyUI-Manager
[2025-09-30 11:17:30.072] 
[2025-09-30 11:17:31.503] Checkpoint files will always be loaded safely.
[2025-09-30 11:17:32.002] Total VRAM 15851 MB, total RAM 256520 MB
[2025-09-30 11:17:32.002] pytorch version: 2.8.0+cu128
[2025-09-30 11:17:32.002] Set vram state to: NORMAL_VRAM
[2025-09-30 11:17:32.003] Device: cuda:0 NVIDIA GeForce RTX 5060 Ti : cudaMallocAsync
[2025-09-30 11:17:33.112] Using pytorch attention
[2025-09-30 11:17:34.829] Python version: 3.12.3 (main, Aug 14 2025, 17:47:21) [GCC 13.3.0]
[2025-09-30 11:17:34.829] ComfyUI version: 0.3.61
[2025-09-30 11:17:34.833] ComfyUI frontend version: 1.26.13
[2025-09-30 11:17:34.834] [Prompt Server] web root: /home/yuji/Code/Umeiart/ComfyUI/venv/lib/python3.12/site-packages/comfyui_frontend_package/static
[2025-09-30 11:17:36.416] [33mModule 'diffusers' load failed. If you don't have it installed, do it:[0m
[2025-09-30 11:17:36.416] [33mpip install diffusers[0m
[2025-09-30 11:17:36.427] [34m[ComfyUI-Easy-Use] server: [0mv1.3.4 [92mLoaded[0m
[2025-09-30 11:17:36.427] [34m[ComfyUI-Easy-Use] web root: [0m/home/yuji/Code/Umeiart/ComfyUI/custom_nodes/ComfyUI-Easy-Use/web_version/v2 [92mLoaded[0m
[2025-09-30 11:17:36.431] [MultiGPU Initialization] Logger initialized with level: INFO
[2025-09-30 11:17:36.432] [MultiGPU Core Patching] Patching mm.get_torch_device, mm.text_encoder_device, and mm.text_encoder_initial_device
[2025-09-30 11:17:36.433] [MultiGPU_Device_Utils] Device list initialized: ['cpu', 'cuda:0', 'cuda:1']
[2025-09-30 11:17:36.435] [MultiGPU] Initiating custom_node Registration. . .
[2025-09-30 11:17:36.435] -----------------------------------------------
[2025-09-30 11:17:36.435] custom_node                   Found     Nodes
[2025-09-30 11:17:36.436] -----------------------------------------------
[2025-09-30 11:17:36.436] ComfyUI-LTXVideo                  N         0
[2025-09-30 11:17:36.437] ComfyUI-Florence2                 Y         2
[2025-09-30 11:17:36.437] ComfyUI_bitsandbytes_NF4          N         0
[2025-09-30 11:17:36.437] x-flux-comfyui                    N         0
[2025-09-30 11:17:36.437] ComfyUI-MMAudio                   N         0
[2025-09-30 11:17:36.437] ComfyUI-GGUF                      Y        18
[2025-09-30 11:17:36.437] PuLID_ComfyUI                     N         0
[2025-09-30 11:17:36.438] ComfyUI-HunyuanVideoWrapper       N         0
[2025-09-30 11:17:36.438] ComfyUI-WanVideoWrapper           N         0
[2025-09-30 11:17:36.438] -----------------------------------------------
[2025-09-30 11:17:36.438] [MultiGPU] Registration complete. Final mappings: DeviceSelectorMultiGPU, HunyuanVideoEmbeddingsAdapter, CheckpointLoaderAdvancedMultiGPU, CheckpointLoaderAdvancedDisTorch2MultiGPU, UNETLoaderMultiGPU, VAELoaderMultiGPU, CLIPLoaderMultiGPU, DualCLIPLoaderMultiGPU, TripleCLIPLoaderMultiGPU, QuadrupleCLIPLoaderMultiGPU, CLIPVisionLoaderMultiGPU, CheckpointLoaderSimpleMultiGPU, ControlNetLoaderMultiGPU, DiffusersLoaderMultiGPU, DiffControlNetLoaderMultiGPU, UNETLoaderDisTorch2MultiGPU, VAELoaderDisTorch2MultiGPU, CLIPLoaderDisTorch2MultiGPU, DualCLIPLoaderDisTorch2MultiGPU, TripleCLIPLoaderDisTorch2MultiGPU, QuadrupleCLIPLoaderDisTorch2MultiGPU, CLIPVisionLoaderDisTorch2MultiGPU, CheckpointLoaderSimpleDisTorch2MultiGPU, ControlNetLoaderDisTorch2MultiGPU, DiffusersLoaderDisTorch2MultiGPU, DiffControlNetLoaderDisTorch2MultiGPU, Florence2ModelLoaderMultiGPU, DownloadAndLoadFlorence2ModelMultiGPU, UnetLoaderGGUFDisTorchMultiGPU, UnetLoaderGGUFAdvancedDisTorchMultiGPU, CLIPLoaderGGUFDisTorchMultiGPU, DualCLIPLoaderGGUFDisTorchMultiGPU, TripleCLIPLoaderGGUFDisTorchMultiGPU, QuadrupleCLIPLoaderGGUFDisTorchMultiGPU, UnetLoaderGGUFDisTorch2MultiGPU, UnetLoaderGGUFAdvancedDisTorch2MultiGPU, CLIPLoaderGGUFDisTorch2MultiGPU, DualCLIPLoaderGGUFDisTorch2MultiGPU, TripleCLIPLoaderGGUFDisTorch2MultiGPU, QuadrupleCLIPLoaderGGUFDisTorch2MultiGPU, UnetLoaderGGUFMultiGPU, UnetLoaderGGUFAdvancedMultiGPU, CLIPLoaderGGUFMultiGPU, DualCLIPLoaderGGUFMultiGPU, TripleCLIPLoaderGGUFMultiGPU, QuadrupleCLIPLoaderGGUFMultiGPU
[2025-09-30 11:17:36.444] ### Loading: ComfyUI-Manager (V3.37)
[2025-09-30 11:17:36.445] [ComfyUI-Manager] network_mode: public
[2025-09-30 11:17:36.445] ### ComfyUI Revision: UNKNOWN (The currently installed ComfyUI is not a Git repository)
[2025-09-30 11:17:36.523] ComfyUI-GGUF: Allowing full torch compile
[2025-09-30 11:17:36.541] 
[2025-09-30 11:17:36.541] [92m[rgthree-comfy] Loaded 48 magnificent nodes. 🎉[0m
[2025-09-30 11:17:36.541] 
[2025-09-30 11:17:36.685] [ComfyUI-Manager] default cache updated: https://raw.githubusercontent.com/ltdrdata/ComfyUI-Manager/main/model-list.json
[2025-09-30 11:17:36.702] [ComfyUI-Manager] default cache updated: https://raw.githubusercontent.com/ltdrdata/ComfyUI-Manager/main/alter-list.json
[2025-09-30 11:17:36.739] [ComfyUI-Manager] default cache updated: https://raw.githubusercontent.com/ltdrdata/ComfyUI-Manager/main/github-stats.json
[2025-09-30 11:17:36.780] [ComfyUI-Manager] default cache updated: https://raw.githubusercontent.com/ltdrdata/ComfyUI-Manager/main/custom-node-list.json
[2025-09-30 11:17:36.815] [ComfyUI-Manager] default cache updated: https://raw.githubusercontent.com/ltdrdata/ComfyUI-Manager/main/extension-node-map.json
[2025-09-30 11:17:37.273] [34mWAS Node Suite: [0mOpenCV Python FFMPEG support is enabled[0m
[2025-09-30 11:17:37.273] [34mWAS Node Suite [93mWarning: [0m`ffmpeg_bin_path` is not set in `/home/yuji/Code/Umeiart/ComfyUI_GPU0/custom_nodes/WAS Node Suite/was_suite_config.json` config file. Will attempt to use system ffmpeg binaries if available.[0m
[2025-09-30 11:17:37.619] [34mWAS Node Suite: [0mFinished.[0m [32mLoaded[0m [0m220[0m [32mnodes successfully.[0m
[2025-09-30 11:17:37.619] 
	[3m[93m"The only way to do great work is to love what you do."[0m[3m - Steve Jobs[0m
[2025-09-30 11:17:37.619] 
[2025-09-30 11:17:37.626] 
Import times for custom nodes:
[2025-09-30 11:17:37.627]    0.0 seconds: /home/yuji/Code/Umeiart/ComfyUI_GPU0/custom_nodes/ComfyUI-wanBlockswap
[2025-09-30 11:17:37.627]    0.0 seconds: /home/yuji/Code/Umeiart/ComfyUI_GPU0/custom_nodes/websocket_image_save.py
[2025-09-30 11:17:37.627]    0.0 seconds: /home/yuji/Code/Umeiart/ComfyUI_GPU0/custom_nodes/easy_nodes
[2025-09-30 11:17:37.627]    0.0 seconds: /home/yuji/Code/Umeiart/ComfyUI_GPU0/custom_nodes/mx_nodes
[2025-09-30 11:17:37.627]    0.0 seconds: /home/yuji/Code/Umeiart/ComfyUI_GPU0/custom_nodes/ComfyUI-Lora-Manager
[2025-09-30 11:17:37.628]    0.0 seconds: /home/yuji/Code/Umeiart/ComfyUI_GPU0/custom_nodes/ComfyUI-Custom-Scripts-backup-1759243329
[2025-09-30 11:17:37.628]    0.0 seconds: /home/yuji/Code/Umeiart/ComfyUI_GPU0/custom_nodes/ComfyUI-Custom-Scripts-backup-1759243226
[2025-09-30 11:17:37.628]    0.0 seconds: /home/yuji/Code/Umeiart/ComfyUI_GPU0/custom_nodes/ComfyUI-Frame-Interpolation
[2025-09-30 11:17:37.628]    0.0 seconds: /home/yuji/Code/Umeiart/ComfyUI_GPU0/custom_nodes/comfyui-multigpu
[2025-09-30 11:17:37.628]    0.0 seconds: /home/yuji/Code/Umeiart/ComfyUI_GPU0/custom_nodes/rgthree-comfy
[2025-09-30 11:17:37.628]    0.0 seconds: /home/yuji/Code/Umeiart/ComfyUI_GPU0/custom_nodes/ComfyUI-Manager
[2025-09-30 11:17:37.628]    0.0 seconds: /home/yuji/Code/Umeiart/ComfyUI_GPU0/custom_nodes/ComfyUI-Custom-Scripts
[2025-09-30 11:17:37.628]    0.0 seconds: /home/yuji/Code/Umeiart/ComfyUI_GPU0/custom_nodes/ComfyUI-GGUF
[2025-09-30 11:17:37.629]    0.0 seconds: /home/yuji/Code/Umeiart/ComfyUI_GPU0/custom_nodes/ComfyUI-VideoHelperSuite
[2025-09-30 11:17:37.629]    0.0 seconds: /home/yuji/Code/Umeiart/ComfyUI_GPU0/custom_nodes/ComfyUI-KJNodes
[2025-09-30 11:17:37.629]    0.1 seconds: /home/yuji/Code/Umeiart/ComfyUI_GPU0/custom_nodes/ComfyUI-Easy-Use
[2025-09-30 11:17:37.629]    0.5 seconds: /home/yuji/Code/Umeiart/ComfyUI_GPU0/custom_nodes/ComfyUI-Florence2
[2025-09-30 11:17:37.629]    1.1 seconds: /home/yuji/Code/Umeiart/ComfyUI_GPU0/custom_nodes/WAS Node Suite
[2025-09-30 11:17:37.629] 
[2025-09-30 11:17:38.133] Context impl SQLiteImpl.
[2025-09-30 11:17:38.133] Will assume non-transactional DDL.
[2025-09-30 11:17:38.134] No target revision found.
[2025-09-30 11:17:38.151] Starting server

[2025-09-30 11:17:38.151] To see the GUI go to: http://127.0.0.1:8188
[2025-09-30 11:17:39.852] FETCH ComfyRegistry Data: 5/98
[2025-09-30 11:17:44.215] FETCH ComfyRegistry Data: 10/98
[2025-09-30 11:17:47.718] FETCH ComfyRegistry Data: 15/98
[2025-09-30 11:17:51.243] FETCH ComfyRegistry Data: 20/98
[2025-09-30 11:17:54.721] FETCH ComfyRegistry Data: 25/98
[2025-09-30 11:17:58.572] FETCH ComfyRegistry Data: 30/98
[2025-09-30 11:18:02.809] FETCH ComfyRegistry Data: 35/98
[2025-09-30 11:18:06.323] FETCH ComfyRegistry Data: 40/98
[2025-09-30 11:18:09.839] FETCH ComfyRegistry Data: 45/98
[2025-09-30 11:18:13.359] FETCH ComfyRegistry Data: 50/98
[2025-09-30 11:18:16.854] FETCH ComfyRegistry Data: 55/98
[2025-09-30 11:18:20.345] FETCH ComfyRegistry Data: 60/98
[2025-09-30 11:18:23.869] FETCH ComfyRegistry Data: 65/98
[2025-09-30 11:18:27.405] FETCH ComfyRegistry Data: 70/98
[2025-09-30 11:18:30.972] FETCH ComfyRegistry Data: 75/98
[2025-09-30 11:18:34.480] FETCH ComfyRegistry Data: 80/98
[2025-09-30 11:18:38.112] FETCH ComfyRegistry Data: 85/98
[2025-09-30 11:18:41.721] FETCH ComfyRegistry Data: 90/98
[2025-09-30 11:18:45.249] FETCH ComfyRegistry Data: 95/98
[2025-09-30 11:18:47.847] FETCH ComfyRegistry Data [DONE]
[2025-09-30 11:18:47.994] [ComfyUI-Manager] default cache updated: https://api.comfy.org/nodes
[2025-09-30 11:18:48.006] FETCH DATA from: https://raw.githubusercontent.com/ltdrdata/ComfyUI-Manager/main/node_db/new/custom-node-list.json [DONE]
[2025-09-30 11:18:48.090] [ComfyUI-Manager] All startup tasks have been completed.
[2025-09-30 11:30:01.577] [ComfyUI-Manager] The ComfyRegistry cache update is still in progress, so an outdated cache is being used.
[2025-09-30 11:30:01.634] FETCH DATA from: /home/yuji/Code/Umeiart/ComfyUI_GPU0/user/default/ComfyUI-Manager/cache/2902516992_custom-node-list.json [DONE]
[2025-09-30 11:30:01.636] FETCH DATA from: /home/yuji/Code/Umeiart/ComfyUI_GPU0/user/default/ComfyUI-Manager/cache/746607195_github-stats.json [DONE]
[2025-09-30 11:30:01.639] [ComfyUI-Manager] DB item is broken:
{'author': 'kj863257', 'description': 'A comprehensive ComfyUI plugin suite that brings professional Photoshop-style layer effects and advanced compositing capabilities. Features modular architecture, 24 blend modes, and enhanced positioning system.', 'files': ['https://github.com/kj863257/ComfyUI_RC_Image_Compositor'], 'install_type': 'git-clone', 'tags': ['compositing', 'layer', 'blend modes', 'photoshop-style'], 'title': 'RC Image Compositor', 'repository': 'https://github.com/kj863257/ComfyUI_RC_Image_Compositor', 'version': 'unknown', 'state': 'not-installed'}
[2025-09-30 11:30:01.640] FETCH DATA from: https://raw.githubusercontent.com/ltdrdata/ComfyUI-Manager/main/extras.json [DONE]
[2025-09-30 11:30:01.764] FETCH DATA from: https://raw.githubusercontent.com/ltdrdata/ComfyUI-Manager/main/node_db/new/extension-node-map.json [DONE]
[2025-09-30 11:30:02.209] FETCH DATA from: /home/yuji/Code/Umeiart/ComfyUI_GPU0/user/default/ComfyUI-Manager/cache/3717781454_extension-node-map.json [DONE]
[ComfyUI-Manager] Using uv as Python module for pip operations.
Using Python 3.12.3 environment at: /home/yuji/Code/Umeiart/ComfyUI/venv
[START] Security scan
[DONE] Security scan
## ComfyUI-Manager: installing dependencies done.
** ComfyUI startup time: 2025-09-30 11:32:03.015
** Platform: Linux
** Python version: 3.12.3 (main, Aug 14 2025, 17:47:21) [GCC 13.3.0]
** Python executable: /home/yuji/Code/Umeiart/ComfyUI/venv/bin/python
** ComfyUI Path: /home/yuji/Code/Umeiart/ComfyUI_GPU0
** ComfyUI Base Folder Path: /home/yuji/Code/Umeiart/ComfyUI_GPU0
** User directory: /home/yuji/Code/Umeiart/ComfyUI_GPU0/user
** ComfyUI-Manager config path: /home/yuji/Code/Umeiart/ComfyUI_GPU0/user/default/ComfyUI-Manager/config.ini
** Log path: /home/yuji/Code/Umeiart/ComfyUI_GPU0/user/comfyui.log
Using Python 3.12.3 environment at: /home/yuji/Code/Umeiart/ComfyUI/venv
Using Python 3.12.3 environment at: /home/yuji/Code/Umeiart/ComfyUI/venv

Prestartup times for custom nodes:
   0.0 seconds: /home/yuji/Code/Umeiart/ComfyUI_GPU0/custom_nodes/ComfyUI-Easy-Use
   0.0 seconds: /home/yuji/Code/Umeiart/ComfyUI_GPU0/custom_nodes/rgthree-comfy
   0.6 seconds: /home/yuji/Code/Umeiart/ComfyUI_GPU0/custom_nodes/ComfyUI-Manager

Checkpoint files will always be loaded safely.
Total VRAM 15851 MB, total RAM 256520 MB
pytorch version: 2.8.0+cu128
Set vram state to: NORMAL_VRAM
Device: cuda:0 NVIDIA GeForce RTX 5060 Ti : cudaMallocAsync
Using pytorch attention
Python version: 3.12.3 (main, Aug 14 2025, 17:47:21) [GCC 13.3.0]
ComfyUI version: 0.3.61
ComfyUI frontend version: 1.26.13
[Prompt Server] web root: /home/yuji/Code/Umeiart/ComfyUI/venv/lib/python3.12/site-packages/comfyui_frontend_package/static
[33mModule 'diffusers' load failed. If you don't have it installed, do it:[0m
[33mpip install diffusers[0m
[34m[ComfyUI-Easy-Use] server: [0mv1.3.4 [92mLoaded[0m
[34m[ComfyUI-Easy-Use] web root: [0m/home/yuji/Code/Umeiart/ComfyUI/custom_nodes/ComfyUI-Easy-Use/web_version/v2 [92mLoaded[0m
[MultiGPU Initialization] Logger initialized with level: INFO
[MultiGPU Core Patching] Patching mm.get_torch_device, mm.text_encoder_device, and mm.text_encoder_initial_device
[MultiGPU_Device_Utils] Device list initialized: ['cpu', 'cuda:0', 'cuda:1']
[MultiGPU] Initiating custom_node Registration. . .
-----------------------------------------------
custom_node                   Found     Nodes
-----------------------------------------------
ComfyUI-LTXVideo                  N         0
ComfyUI-Florence2                 Y         2
ComfyUI_bitsandbytes_NF4          N         0
x-flux-comfyui                    N         0
ComfyUI-MMAudio                   N         0
ComfyUI-GGUF                      Y        18
PuLID_ComfyUI                     N         0
ComfyUI-HunyuanVideoWrapper       N         0
ComfyUI-WanVideoWrapper           N         0
-----------------------------------------------
[MultiGPU] Registration complete. Final mappings: DeviceSelectorMultiGPU, HunyuanVideoEmbeddingsAdapter, CheckpointLoaderAdvancedMultiGPU, CheckpointLoaderAdvancedDisTorch2MultiGPU, UNETLoaderMultiGPU, VAELoaderMultiGPU, CLIPLoaderMultiGPU, DualCLIPLoaderMultiGPU, TripleCLIPLoaderMultiGPU, QuadrupleCLIPLoaderMultiGPU, CLIPVisionLoaderMultiGPU, CheckpointLoaderSimpleMultiGPU, ControlNetLoaderMultiGPU, DiffusersLoaderMultiGPU, DiffControlNetLoaderMultiGPU, UNETLoaderDisTorch2MultiGPU, VAELoaderDisTorch2MultiGPU, CLIPLoaderDisTorch2MultiGPU, DualCLIPLoaderDisTorch2MultiGPU, TripleCLIPLoaderDisTorch2MultiGPU, QuadrupleCLIPLoaderDisTorch2MultiGPU, CLIPVisionLoaderDisTorch2MultiGPU, CheckpointLoaderSimpleDisTorch2MultiGPU, ControlNetLoaderDisTorch2MultiGPU, DiffusersLoaderDisTorch2MultiGPU, DiffControlNetLoaderDisTorch2MultiGPU, Florence2ModelLoaderMultiGPU, DownloadAndLoadFlorence2ModelMultiGPU, UnetLoaderGGUFDisTorchMultiGPU, UnetLoaderGGUFAdvancedDisTorchMultiGPU, CLIPLoaderGGUFDisTorchMultiGPU, DualCLIPLoaderGGUFDisTorchMultiGPU, TripleCLIPLoaderGGUFDisTorchMultiGPU, QuadrupleCLIPLoaderGGUFDisTorchMultiGPU, UnetLoaderGGUFDisTorch2MultiGPU, UnetLoaderGGUFAdvancedDisTorch2MultiGPU, CLIPLoaderGGUFDisTorch2MultiGPU, DualCLIPLoaderGGUFDisTorch2MultiGPU, TripleCLIPLoaderGGUFDisTorch2MultiGPU, QuadrupleCLIPLoaderGGUFDisTorch2MultiGPU, UnetLoaderGGUFMultiGPU, UnetLoaderGGUFAdvancedMultiGPU, CLIPLoaderGGUFMultiGPU, DualCLIPLoaderGGUFMultiGPU, TripleCLIPLoaderGGUFMultiGPU, QuadrupleCLIPLoaderGGUFMultiGPU
### Loading: ComfyUI-Manager (V3.37)
[ComfyUI-Manager] network_mode: public
### ComfyUI Revision: UNKNOWN (The currently installed ComfyUI is not a Git repository)
ComfyUI-GGUF: Allowing full torch compile

[92m[rgthree-comfy] Loaded 48 epic nodes. 🎉[0m

[ComfyUI-Manager] default cache updated: https://raw.githubusercontent.com/ltdrdata/ComfyUI-Manager/main/alter-list.json
[ComfyUI-Manager] default cache updated: https://raw.githubusercontent.com/ltdrdata/ComfyUI-Manager/main/github-stats.json
[ComfyUI-Manager] default cache updated: https://raw.githubusercontent.com/ltdrdata/ComfyUI-Manager/main/model-list.json
[ComfyUI-Manager] default cache updated: https://raw.githubusercontent.com/ltdrdata/ComfyUI-Manager/main/custom-node-list.json
[ComfyUI-Manager] default cache updated: https://raw.githubusercontent.com/ltdrdata/ComfyUI-Manager/main/extension-node-map.json
[34mWAS Node Suite: [0mOpenCV Python FFMPEG support is enabled[0m
[34mWAS Node Suite [93mWarning: [0m`ffmpeg_bin_path` is not set in `/home/yuji/Code/Umeiart/ComfyUI_GPU0/custom_nodes/WAS Node Suite/was_suite_config.json` config file. Will attempt to use system ffmpeg binaries if available.[0m
[34mWAS Node Suite: [0mFinished.[0m [32mLoaded[0m [0m220[0m [32mnodes successfully.[0m

	[3m[93m"Challenges are what make life interesting and overcoming them is what makes life meaningful."[0m[3m - Joshua J. Marine[0m


Import times for custom nodes:
   0.0 seconds: /home/yuji/Code/Umeiart/ComfyUI_GPU0/custom_nodes/ComfyUI-wanBlockswap
   0.0 seconds: /home/yuji/Code/Umeiart/ComfyUI_GPU0/custom_nodes/websocket_image_save.py
   0.0 seconds: /home/yuji/Code/Umeiart/ComfyUI_GPU0/custom_nodes/easy_nodes
   0.0 seconds: /home/yuji/Code/Umeiart/ComfyUI_GPU0/custom_nodes/mx_nodes
   0.0 seconds: /home/yuji/Code/Umeiart/ComfyUI_GPU0/custom_nodes/ComfyUI-Lora-Manager
   0.0 seconds: /home/yuji/Code/Umeiart/ComfyUI_GPU0/custom_nodes/ComfyUI-Custom-Scripts-backup-1759243329
   0.0 seconds: /home/yuji/Code/Umeiart/ComfyUI_GPU0/custom_nodes/ComfyUI-Frame-Interpolation
   0.0 seconds: /home/yuji/Code/Umeiart/ComfyUI_GPU0/custom_nodes/ComfyUI-Custom-Scripts-backup-1759243226
   0.0 seconds: /home/yuji/Code/Umeiart/ComfyUI_GPU0/custom_nodes/comfyui-multigpu
   0.0 seconds: /home/yuji/Code/Umeiart/ComfyUI_GPU0/custom_nodes/ComfyUI-Manager
   0.0 seconds: /home/yuji/Code/Umeiart/ComfyUI_GPU0/custom_nodes/rgthree-comfy
   0.0 seconds: /home/yuji/Code/Umeiart/ComfyUI_GPU0/custom_nodes/ComfyUI-GGUF
   0.0 seconds: /home/yuji/Code/Umeiart/ComfyUI_GPU0/custom_nodes/ComfyUI-Custom-Scripts
   0.0 seconds: /home/yuji/Code/Umeiart/ComfyUI_GPU0/custom_nodes/ComfyUI-VideoHelperSuite
   0.0 seconds: /home/yuji/Code/Umeiart/ComfyUI_GPU0/custom_nodes/ComfyUI-KJNodes
   0.1 seconds: /home/yuji/Code/Umeiart/ComfyUI_GPU0/custom_nodes/ComfyUI-Easy-Use
   0.5 seconds: /home/yuji/Code/Umeiart/ComfyUI_GPU0/custom_nodes/ComfyUI-Florence2
   1.0 seconds: /home/yuji/Code/Umeiart/ComfyUI_GPU0/custom_nodes/WAS Node Suite

Context impl SQLiteImpl.
Will assume non-transactional DDL.
No target revision found.
Starting server

To see the GUI go to: http://127.0.0.1:8188
FETCH ComfyRegistry Data: 5/98
FETCH ComfyRegistry Data: 10/98
FETCH ComfyRegistry Data: 15/98
FETCH ComfyRegistry Data: 20/98
FETCH ComfyRegistry Data: 25/98
FETCH ComfyRegistry Data: 30/98
FETCH ComfyRegistry Data: 35/98
FETCH ComfyRegistry Data: 40/98
FETCH ComfyRegistry Data: 45/98
FETCH ComfyRegistry Data: 50/98
FETCH ComfyRegistry Data: 55/98
FETCH ComfyRegistry Data: 60/98
FETCH ComfyRegistry Data: 65/98
ERROR: Invalid mode is specified `--mode `
FETCH DATA from: https://raw.githubusercontent.com/ltdrdata/ComfyUI-Manager/main/github-stats.json [DONE]
FETCH DATA from: https://raw.githubusercontent.com/ltdrdata/ComfyUI-Manager/main/extras.json [DONE]
FETCH DATA from: https://raw.githubusercontent.com/ltdrdata/ComfyUI-Manager/main/node_db/new/extension-node-map.json [DONE]
FETCH DATA from: https://raw.githubusercontent.com/ltdrdata/ComfyUI-Manager/main/node_db/new/extension-node-map.json [DONE]
FETCH ComfyRegistry Data: 70/98
FETCH ComfyRegistry Data: 75/98
FETCH ComfyRegistry Data: 80/98
FETCH ComfyRegistry Data: 85/98
ERROR: Invalid mode is specified `--mode `
FETCH DATA from: https://raw.githubusercontent.com/ltdrdata/ComfyUI-Manager/main/github-stats.json [DONE]
FETCH DATA from: https://raw.githubusercontent.com/ltdrdata/ComfyUI-Manager/main/extras.json [DONE]
FETCH DATA from: https://raw.githubusercontent.com/ltdrdata/ComfyUI-Manager/main/node_db/new/extension-node-map.jsonFETCH ComfyRegistry Data: 90/98
 [DONE]
FETCH DATA from: https://raw.githubusercontent.com/ltdrdata/ComfyUI-Manager/main/node_db/new/alter-list.json [DONE]
FETCH ComfyRegistry Data: 95/98
FETCH ComfyRegistry Data [DONE]
[ComfyUI-Manager] default cache updated: https://api.comfy.org/nodes
FETCH DATA from: https://raw.githubusercontent.com/ltdrdata/ComfyUI-Manager/main/node_db/new/custom-node-list.json [DONE]
[ComfyUI-Manager] All startup tasks have been completed.
