## ComfyUI-Manager: installing dependencies done.
[2025-09-29 09:34:00.709] ** ComfyUI startup time: 2025-09-29 09:34:00.709
[2025-09-29 09:34:00.709] ** Platform: Linux
[2025-09-29 09:34:00.709] ** Python version: 3.12.3 (main, Aug 14 2025, 17:47:21) [GCC 13.3.0]
[2025-09-29 09:34:00.709] ** Python executable: /home/yuji/Code/Umeiart/ComfyUI/venv/bin/python
[2025-09-29 09:34:00.709] ** ComfyUI Path: /home/yuji/Code/Umeiart/ComfyUI_GPU0
[2025-09-29 09:34:00.709] ** ComfyUI Base Folder Path: /home/yuji/Code/Umeiart/ComfyUI_GPU0
[2025-09-29 09:34:00.709] ** User directory: /home/yuji/Code/Umeiart/ComfyUI_GPU0/user
[2025-09-29 09:34:00.709] ** ComfyUI-Manager config path: /home/yuji/Code/Umeiart/ComfyUI_GPU0/user/default/ComfyUI-Manager/config.ini
[2025-09-29 09:34:00.710] ** Log path: /home/yuji/Code/Umeiart/ComfyUI_GPU0/user/comfyui.log

Prestartup times for custom nodes:
[2025-09-29 09:34:00.837]    0.0 seconds: /home/yuji/Code/Umeiart/ComfyUI_GPU0/custom_nodes/rgthree-comfy
[2025-09-29 09:34:00.837]    0.6 seconds: /home/yuji/Code/Umeiart/ComfyUI_GPU0/custom_nodes/ComfyUI-Manager
[2025-09-29 09:34:00.837] 
[2025-09-29 09:34:00.837] Set cuda device to: 0
[2025-09-29 09:34:02.326] Checkpoint files will always be loaded safely.
[2025-09-29 09:34:02.620] Total VRAM 15851 MB, total RAM 256520 MB
[2025-09-29 09:34:02.620] pytorch version: 2.8.0+cu128
[2025-09-29 09:34:02.621] Set vram state to: NORMAL_VRAM
[2025-09-29 09:34:02.621] Device: cuda:0 NVIDIA GeForce RTX 5060 Ti : cudaMallocAsync
[2025-09-29 09:34:03.777] Using pytorch attention
[2025-09-29 09:34:05.675] Python version: 3.12.3 (main, Aug 14 2025, 17:47:21) [GCC 13.3.0]
[2025-09-29 09:34:05.675] ComfyUI version: 0.3.60
[2025-09-29 09:34:05.679] ComfyUI frontend version: 1.26.13
[2025-09-29 09:34:05.679] [Prompt Server] web root: /home/yuji/Code/Umeiart/ComfyUI/venv/lib/python3.12/site-packages/comfyui_frontend_package/static
[2025-09-29 09:34:06.489] ### Loading: ComfyUI-Manager (V3.37)
[2025-09-29 09:34:06.490] [ComfyUI-Manager] network_mode: public
[2025-09-29 09:34:06.490] ### ComfyUI Revision: UNKNOWN (The currently installed ComfyUI is not a Git repository)
[2025-09-29 09:34:06.720] ComfyUI-GGUF: Allowing full torch compile
[2025-09-29 09:34:06.740] 
[2025-09-29 09:34:06.740] [92m[rgthree-comfy] Loaded 48 extraordinary nodes. 🎉[0m
[2025-09-29 09:34:06.740] 
[2025-09-29 09:34:06.843] [ComfyUI-Manager] default cache updated: https://raw.githubusercontent.com/ltdrdata/ComfyUI-Manager/main/model-list.json
[2025-09-29 09:34:06.871] [ComfyUI-Manager] default cache updated: https://raw.githubusercontent.com/ltdrdata/ComfyUI-Manager/main/alter-list.json
[2025-09-29 09:34:06.912] [ComfyUI-Manager] default cache updated: https://raw.githubusercontent.com/ltdrdata/ComfyUI-Manager/main/github-stats.json
[2025-09-29 09:34:06.975] [ComfyUI-Manager] default cache updated: https://raw.githubusercontent.com/ltdrdata/ComfyUI-Manager/main/custom-node-list.json
[2025-09-29 09:34:07.011] [ComfyUI-Manager] default cache updated: https://raw.githubusercontent.com/ltdrdata/ComfyUI-Manager/main/extension-node-map.json
[2025-09-29 09:34:07.810] [34mWAS Node Suite: [0mOpenCV Python FFMPEG support is enabled[0m
[2025-09-29 09:34:07.810] [34mWAS Node Suite [93mWarning: [0m`ffmpeg_bin_path` is not set in `/home/yuji/Code/Umeiart/ComfyUI_GPU0/custom_nodes/WAS Node Suite/was_suite_config.json` config file. Will attempt to use system ffmpeg binaries if available.[0m
[2025-09-29 09:34:08.344] [34mWAS Node Suite: [0mFinished.[0m [32mLoaded[0m [0m220[0m [32mnodes successfully.[0m
[2025-09-29 09:34:08.344] 
	[3m[93m"Opportunities don't happen. You create them."[0m[3m - Chris Grosser[0m
[2025-09-29 09:34:08.344] 
[2025-09-29 09:34:08.351] 
Import times for custom nodes:
[2025-09-29 09:34:08.351]    0.0 seconds: /home/yuji/Code/Umeiart/ComfyUI_GPU0/custom_nodes/ComfyUI-wanBlockswap
[2025-09-29 09:34:08.352]    0.0 seconds: /home/yuji/Code/Umeiart/ComfyUI_GPU0/custom_nodes/ComfyUI-Florence2
[2025-09-29 09:34:08.352]    0.0 seconds: /home/yuji/Code/Umeiart/ComfyUI_GPU0/custom_nodes/easy_nodes
[2025-09-29 09:34:08.352]    0.0 seconds: /home/yuji/Code/Umeiart/ComfyUI_GPU0/custom_nodes/mx_nodes
[2025-09-29 09:34:08.352]    0.0 seconds: /home/yuji/Code/Umeiart/ComfyUI_GPU0/custom_nodes/websocket_image_save.py
[2025-09-29 09:34:08.352]    0.0 seconds: /home/yuji/Code/Umeiart/ComfyUI_GPU0/custom_nodes/ComfyUI-Lora-Manager
[2025-09-29 09:34:08.352]    0.0 seconds: /home/yuji/Code/Umeiart/ComfyUI_GPU0/custom_nodes/ComfyUI-Frame-Interpolation
[2025-09-29 09:34:08.352]    0.0 seconds: /home/yuji/Code/Umeiart/ComfyUI_GPU0/custom_nodes/ComfyUI-Manager
[2025-09-29 09:34:08.352]    0.0 seconds: /home/yuji/Code/Umeiart/ComfyUI_GPU0/custom_nodes/rgthree-comfy
[2025-09-29 09:34:08.352]    0.0 seconds: /home/yuji/Code/Umeiart/ComfyUI_GPU0/custom_nodes/ComfyUI-VideoHelperSuite
[2025-09-29 09:34:08.353]    0.0 seconds: /home/yuji/Code/Umeiart/ComfyUI_GPU0/custom_nodes/ComfyUI-GGUF
[2025-09-29 09:34:08.353]    0.0 seconds: /home/yuji/Code/Umeiart/ComfyUI_GPU0/custom_nodes/ComfyUI-KJNodes
[2025-09-29 09:34:08.353]    0.2 seconds: /home/yuji/Code/Umeiart/ComfyUI_GPU0/custom_nodes/ComfyUI-Custom-Scripts
[2025-09-29 09:34:08.353]    1.6 seconds: /home/yuji/Code/Umeiart/ComfyUI_GPU0/custom_nodes/WAS Node Suite
[2025-09-29 09:34:08.353] 
[2025-09-29 09:34:08.649] Context impl SQLiteImpl.
[2025-09-29 09:34:08.649] Will assume non-transactional DDL.
[2025-09-29 09:34:08.650] No target revision found.
[2025-09-29 09:34:08.665] Starting server

[2025-09-29 09:34:08.665] To see the GUI go to: http://0.0.0.0:8188
[2025-09-29 09:34:10.014] FETCH ComfyRegistry Data: 5/98
[2025-09-29 09:34:13.518] FETCH ComfyRegistry Data: 10/98
[2025-09-29 09:34:17.130] FETCH ComfyRegistry Data: 15/98
[2025-09-29 09:34:20.618] FETCH ComfyRegistry Data: 20/98
[2025-09-29 09:34:24.320] FETCH ComfyRegistry Data: 25/98
[2025-09-29 09:34:27.815] FETCH ComfyRegistry Data: 30/98
[2025-09-29 09:34:31.280] FETCH ComfyRegistry Data: 35/98
[2025-09-29 09:34:35.333] FETCH ComfyRegistry Data: 40/98
[2025-09-29 09:34:38.794] FETCH ComfyRegistry Data: 45/98
[2025-09-29 09:34:42.246] FETCH ComfyRegistry Data: 50/98
[2025-09-29 09:34:45.730] FETCH ComfyRegistry Data: 55/98
[2025-09-29 09:34:50.052] FETCH ComfyRegistry Data: 60/98
[2025-09-29 09:34:53.580] FETCH ComfyRegistry Data: 65/98
[2025-09-29 09:34:57.082] FETCH ComfyRegistry Data: 70/98
[2025-09-29 09:35:00.579] FETCH ComfyRegistry Data: 75/98
[2025-09-29 09:35:04.120] FETCH ComfyRegistry Data: 80/98
[2025-09-29 09:35:07.710] FETCH ComfyRegistry Data: 85/98
[2025-09-29 09:35:11.231] FETCH ComfyRegistry Data: 90/98
[2025-09-29 09:35:14.768] FETCH ComfyRegistry Data: 95/98
[2025-09-29 09:35:17.369] FETCH ComfyRegistry Data [DONE]
[2025-09-29 09:35:17.522] [ComfyUI-Manager] default cache updated: https://api.comfy.org/nodes
[2025-09-29 09:35:17.537] FETCH DATA from: https://raw.githubusercontent.com/ltdrdata/ComfyUI-Manager/main/custom-node-list.json [DONE]
[2025-09-29 09:35:17.805] [ComfyUI-Manager] All startup tasks have been completed.
[2025-09-29 09:35:35.074] got prompt
[2025-09-29 09:35:35.087] Failed to validate prompt for output 80:
[2025-09-29 09:35:35.087] * RIFE VFI 184:
[2025-09-29 09:35:35.087]   - Exception when validating inner node: tuple index out of range
[2025-09-29 09:35:35.087] Output will be ignored
[2025-09-29 09:35:35.150] Prompt executed in 0.05 seconds
[2025-09-29 09:36:23.737] got prompt
[2025-09-29 09:36:23.748] Failed to validate prompt for output 80:
[2025-09-29 09:36:23.748] * Lora Loader (LoraManager) 384:
[2025-09-29 09:36:23.748]   - Failed to convert an input value to a FLOAT value: strength_model, [], float() argument must be a string or a real number, not 'list'
[2025-09-29 09:36:23.748] Output will be ignored
[2025-09-29 09:36:23.749] Failed to validate prompt for output 184:
[2025-09-29 09:36:23.749] * (prompt):
[2025-09-29 09:36:23.749]   - Exception when validating node: tuple index out of range
[2025-09-29 09:36:23.749] * SaveImage 184:
[2025-09-29 09:36:23.749]   - Exception when validating node: tuple index out of range
[2025-09-29 09:36:23.750] Output will be ignored
[2025-09-29 09:36:23.827] Prompt executed in 0.07 seconds
[2025-09-29 09:49:12.562] got prompt
[2025-09-29 09:49:12.572] Failed to validate prompt for output 80:
[2025-09-29 09:49:12.572] * Lora Loader (LoraManager) 384:
[2025-09-29 09:49:12.572]   - Failed to convert an input value to a FLOAT value: strength_model, [], float() argument must be a string or a real number, not 'list'
[2025-09-29 09:49:12.572] * Text Find and Replace 392:
[2025-09-29 09:49:12.572]   - Exception when validating inner node: tuple index out of range
[2025-09-29 09:49:12.572] * ImageScale 132:
[2025-09-29 09:49:12.573]   - Return type mismatch between linked nodes: height, received_type(FLOAT) mismatch input_type(INT)
[2025-09-29 09:49:12.573]   - Return type mismatch between linked nodes: width, received_type(FLOAT) mismatch input_type(INT)
[2025-09-29 09:49:12.573] * WanImageToVideo 133:
[2025-09-29 09:49:12.573]   - Return type mismatch between linked nodes: height, received_type(FLOAT) mismatch input_type(INT)
[2025-09-29 09:49:12.573]   - Return type mismatch between linked nodes: width, received_type(FLOAT) mismatch input_type(INT)
[2025-09-29 09:49:12.573] Output will be ignored
[2025-09-29 09:49:12.628] Prompt executed in 0.04 seconds
